<?xml version="1.0" encoding="UTF-8"?>
<testng-results ignored="0" total="1" passed="1" failed="0" skipped="0">
  <reporter-output>
  </reporter-output>
  <suite started-at="2026-04-26T22:01:25 IST" name="Default suite" finished-at="2026-04-26T22:01:35 IST" duration-ms="10095">
    <groups>
    </groups>
    <test started-at="2026-04-26T22:01:25 IST" name="Default test" finished-at="2026-04-26T22:01:35 IST" duration-ms="10095">
      <class name="sampleProject.Ssampleclass">
        <test-method signature="openNaukri()[pri:0, instance:sampleProject.Ssampleclass@13526e59]" started-at="2026-04-26T22:01:25 IST" name="openNaukri" finished-at="2026-04-26T22:01:35 IST" duration-ms="9953" status="PASS">
          <reporter-output>
          </reporter-output>
        </test-method> <!-- openNaukri -->
      </class> <!-- sampleProject.Ssampleclass -->
    </test> <!-- Default test -->
  </suite> <!-- Default suite -->
</testng-results>
